Arguments: 
  C:\Program Files\nodejs\node.exe C:\Users\scobr\AppData\Roaming\npm\node_modules\yarn\bin\yarn.js install

PATH: 
  C:\Users\scobr\anaconda3;C:\Users\scobr\anaconda3\Library\mingw-w64\bin;C:\Users\scobr\anaconda3\Library\usr\bin;C:\Users\scobr\anaconda3\Library\bin;C:\Users\scobr\anaconda3\Scripts;C:\Users\scobr\anaconda3\bin;C:\Users\scobr\anaconda3\condabin;C:\Program Files (x86)\Common Files\Oracle\Java\javapath;C:\Program Files (x86)\VMware\VMware Player\bin;C:\Python310\lib\site-packages\pip;C:\Python310;C:\Python310\Scripts;C:\Python39;C:\Python39\Scripts;C:\Users\scobr\ffmpeg\bin;C:\Program Files (x86)\Common Files\Oracle\Java\javapath;C:\Program Files (x86)\VMware\VMware Player\bin;C:\Python310\lib\site-packages\pip;C:\Python310;C:\Python310\Scripts;C:\Python39;C:\Python39\Scripts;C:\Users\scobr\ffmpeg\bin;C:\Program Files (x86)\Common Files\Oracle\Java\javapath;C:\Program Files (x86)\VMware\VMware Player\bin;C:\Python310\lib\site-packages\pip;C:\Python310;C:\Python310\Scripts;C:\Python39;C:\Python39\Scripts;C:\Users\scobr\ffmpeg\bin;C:\WINDOWS\System32;C:\Program Files (x86)\Git\cmd;C:\ProgramData\chocolatey\bin;C:\Program Files\PuTTY;C:\Users\scobr\AppData\Roaming\ActiveState\bin;C:\Users\scobr\AppData\Local\activestate\bin;C:\Users\scobr\AppData\Local\Microsoft\WindowsApps;C:\Users\scobr\AppData\Local\GitHubDesktop\bin;C:\Users\scobr\AppData\Local\Yarn\bin;C:\Users\scobr\AppData\Roaming\npm;C:\Users\scobr\AppData\Local\Yar;C:\WINDOWS\system32;C:\WINDOWS;C:\WINDOWS\System32\Wbem;C:\WINDOWS\System32\WindowsPowerShell\v1.0;C:\WINDOWS\System32\OpenSSH;C:\Program Files (x86)\Boxcryptor\bin;C:\Program Files\Docker\Docker\resources\bin;C:\ProgramData\DockerDesktop\version-bin;C:\Program Files\GitHub CLI;C:\Users\scobr\AppData\Roaming\nvm;C:\Program Files\nodejs;C:\Users\scobr\.cargo\bin;C:\Users\scobr\AppData\Local\Programs\Microsoft VS Code\bin;C:\Users\scobr\.dotnet\tools;C:\Users\scobr\AppData\Roaming\nvm;C:\Program Files\nodejs;C:\Program Files (x86)\Git\cmd;C:\ProgramData\chocolatey\bin;C:\Program Files\PuTTY;C:\Users\scobr\AppData\Roaming\ActiveState\bin;C:\Users\scobr\AppData\Local\activestate\bin;C:\Users\scobr\AppData\Local\Microsoft\WindowsApps;C:\Users\scobr\AppData\Local\GitHubDesktop\bin;C:\Users\scobr\AppData\Local\Yarn\bin;C:\Users\scobr\AppData\Roaming\npm;C:\Users\scobr\AppData\Local\Yar;C:\WINDOWS\system32;C:\WINDOWS;C:\WINDOWS\System32\Wbem;C:\WINDOWS\System32\WindowsPowerShell\v1.0;C:\WINDOWS\System32\OpenSSH;C:\Program Files (x86)\Boxcryptor\bin;C:\Program Files\Docker\Docker\resources\bin;C:\ProgramData\DockerDesktop\version-bin;C:\Program Files\GitHub CLI;C:\Program Files\dotnet;C:\Users\scobr\AppData\Roaming\nvm;C:\Program Files\nodejs;C:\Program Files\NVIDIA Corporation\NVIDIA NvDLISR;C:\Program Files (x86)\NVIDIA Corporation\PhysX\Common;C:\xampp\php;C:\ProgramData\ComposerSetup\bin;C:\Users\scobr\PlatformTools;C:\Program Files (x86)\Git\cmd;C:\ProgramData\chocolatey\bin;C:\Program Files\PuTTY;C:\Users\scobr\AppData\Roaming\ActiveState\bin;C:\Users\scobr\AppData\Local\activestate\bin;C:\Users\scobr\AppData\Local\Microsoft\WindowsApps;C:\Users\scobr\AppData\Local\GitHubDesktop\bin;C:\Users\scobr\AppData\Local\Yarn\bin;C:\Users\scobr\AppData\Roaming\npm;C:\Users\scobr\AppData\Local\Yar;C:\WINDOWS\system32;C:\WINDOWS;C:\WINDOWS\System32\Wbem;C:\WINDOWS\System32\WindowsPowerShell\v1.0;C:\WINDOWS\System32\OpenSSH;C:\Program Files (x86)\Boxcryptor\bin;C:\Program Files\Docker\Docker\resources\bin;C:\ProgramData\DockerDesktop\version-bin;C:\Program Files\GitHub CLI;C:\Users\scobr\AppData\Roaming\nvm;C:\Program Files\nodejs;C:\Users\scobr\.cargo\bin;C:\Users\scobr\AppData\Local\Programs\Microsoft VS Code\bin;C:\Users\scobr\.dotnet\tools;C:\Users\scobr\AppData\Roaming\nvm;C:\Program Files\nodejs;C:\Program Files (x86)\Git\cmd;C:\ProgramData\chocolatey\bin;C:\Program Files\PuTTY;C:\Users\scobr\AppData\Roaming\ActiveState\bin;C:\Users\scobr\AppData\Local\activestate\bin;C:\Users\scobr\AppData\Local\Microsoft\WindowsApps;C:\Users\scobr\AppData\Local\GitHubDesktop\bin;C:\Users\scobr\AppData\Local\Yarn\bin;C:\Users\scobr\AppData\Roaming\npm;C:\Users\scobr\AppData\Local\Yar;C:\WINDOWS\system32;C:\WINDOWS;C:\WINDOWS\System32\Wbem;C:\WINDOWS\System32\WindowsPowerShell\v1.0;C:\WINDOWS\System32\OpenSSH;C:\Program Files (x86)\Boxcryptor\bin;C:\Program Files\Docker\Docker\resources\bin;C:\ProgramData\DockerDesktop\version-bin;C:\Pro;C:\Users\scobr\Downloads\platform-tools_r34.0.0-windows\platform-tools;C:\Users\scobr\AppData\Local\Programs\Microsoft VS Code\bin;C:\Users\scobr\AppData\Local\GitHubDesktop\bin

Yarn version: 
  1.22.10

Node version: 
  16.16.0

Platform: 
  win32 x64

Trace: 
  SyntaxError: C:\Users\scobr\Documents\GitHub\buidlguild-eco\universe-monorepo\package.json: Unexpected string in JSON at position 1356
      at JSON.parse (<anonymous>)
      at C:\Users\scobr\AppData\Roaming\npm\node_modules\yarn\lib\cli.js:1625:59
      at Generator.next (<anonymous>)
      at step (C:\Users\scobr\AppData\Roaming\npm\node_modules\yarn\lib\cli.js:310:30)
      at C:\Users\scobr\AppData\Roaming\npm\node_modules\yarn\lib\cli.js:321:13

npm manifest: 
  {
    "name": "@universe/hardhat",
    "version": "0.0.1",
    "scripts": {
      "account": "hardhat run scripts/listAccount.ts",
      "chain": "hardhat node --network hardhat --no-deploy",
      "compile": "hardhat compile",
      "deploy": "hardhat deploy --export-all ./temp/hardhat_contracts.json \"$@\" && hardhat run scripts/generateTsAbis.ts",
      "fork": "MAINNET_FORKING_ENABLED=true hardhat node --network hardhat --no-deploy",
      "generate": "hardhat run scripts/generateAccount.ts",
      "lint": "eslint --config ./.eslintrc.json --ignore-path ./.eslintignore ./*.ts ./deploy/**/*.ts ./scripts/**/*.ts ./test/**/*.ts",
      "lint-staged": "eslint --config ./.eslintrc.json --ignore-path ./.eslintignore",
      "test": "REPORT_GAS=true hardhat test --network hardhat",
      "verify": "hardhat etherscan-verify",
      "postinstall": "npx patch-package"
    },
    "devDependencies": {
      "@ethersproject/abi": "^5.7.0",
      "@ethersproject/providers": "^5.7.1",
      "@nomicfoundation/hardhat-chai-matchers": "^1.0.3",
      "@nomicfoundation/hardhat-network-helpers": "^1.0.6",
      "@nomicfoundation/hardhat-toolbox": "^2.0.0",
      "@nomiclabs/hardhat-ethers": "npm:hardhat-deploy-ethers@^0.3.0-beta.13",
      "@nomiclabs/hardhat-etherscan": "^3.1.0",
      "@typechain/ethers-v5": "^10.1.0",
      "@typechain/hardhat": "^6.1.3",
      "@types/eslint": "^8",
      "@types/mocha": "^9.1.1",
      "@types/prettier": "^2",
      "@types/qrcode": "^1",
      "@typescript-eslint/eslint-plugin": "latest",
      "@typescript-eslint/parser": "latest",
      "chai": "^4.3.6",
      "eslint": "^8.26.0",
      "eslint-config-prettier": "^8.5.0",
      "eslint-plugin-prettier": "^4.2.1",
      "ethers": "^5.7.1",
      "hardhat": "^2.11.2",
      "hardhat-deploy": "^0.11.25",
      "hardhat-gas-reporter": "^1.0.9",
      "prettier": "^2.8.4",
      "solidity-coverage": "^0.8.2",
      "ts-node": "^10.9.1",
      "typechain": "^8.1.0",
      "typescript": "^4.9.5"
    },
    "dependencies": {
      "@aave/core-v3": "^1.17.2",
      "@openzeppelin/contracts": "^4.8.1",
      "@openzeppelin/contracts-upgradeable": "^4.8.3",
      "@uniswap/v2-periphery": "^1.1.0-beta.0",
      "dotenv": "^16.0.3",
      "envfile": "^6.18.0",
      "forge-std": "^1.1.2",
      "qrcode": "^1.5.1",
      "solmate": "^6.7.0"
    }
  }

yarn manifest: 
  No manifest

Lockfile: 
  No lockfile
